5118
5045
5196
5109
5231
5074
5044
5074
5058
5056
5187
5170
5061
5049
5048
5132
5224
5192
5051
5034
5030
5108
5013
5004
5045
5121
5150
5170
5173
5173
5195
5128
5189
5115
5002
5167
5213
5151
5189
5180
5139
5173
5094
5113
5172
5035
5052
5212
5064
5244
5067
5168
5080
5038
5009
5149
5037
5228
5123
5247
5229
5093
5247
5198
5216
5014
5127
5243
5011
5123
5185
5015
5165
5101
5130
5058
5159
5050
5098
5059
5048
5182
5155
5024
5034
5060
5085
5108
5010
5126
5113
5090
5187
5236
5168
5235
5099
5098
5039
5232
5185
5189
5110
5096
5153
5138
5160
5105
5064
5167
5125
5206
5162
5058
5115
5246
5037
5170
5196
5170
5124
5105
5194
5227
5166
5151
5041
5188
5041
5121
5050
5214
5028
5224
5068
5160
5210
5030
5137
5175
5198
5074
5246
5087
5063
5002
5185
5079
5200
5117
5100
5229
5092
5248
5097
5224
5133
5238
5121
5080
5239
5177
5216
5128
5238
5011
5193
5003
5172
5240
5201
5016
5003
5126
5196
5205
5177
5070
5098
5215
5176
5043
5008
5024
5236
5103
5220
5094
5175
5214
5189
5079
5137
5198
5038
5013
5143
5033
5206
5138
5059
5027
5087
5028
5234
5219
5096
5119
5104
5150
5197
5182
5039
5172
5055
5208
5092
5176
5194
5027
5091
5137
5225
5144
5235
5024
5242
5066
5240
5077
5038
5012
5094
5090
5101
5138
5206
5221
5028
5234
5088
5192
5108
5059
5235
5081
5077
5217
5089
5226
5012
5176
5037
5248
5134
5220
5218
5031
5105
5004
5049
5150
5013
5037
5028
5025
5160
5249
5096
5221
5173
5169
5052
5232
5234
5249
5090
5018
5200
5213
5026
5127
5222
5009
5240
5119
5047
5012
5144
5068
5103
5247
5031
5211
5099
5183
5038
5096
5133
5247
5062
5080
5009
5169
5192
5247
5051
5061
5128
5038
5246
5075
5128
5051
5182
5221
5022
5122
5171
5056
5197
5216
5120
5157
5061
5213
5214
5133
5174
5061
5009
5070
5175
5058
5079
5095
5132
5060
5231
5109
5210
5204
5198
5219
5155
5194
5130
5212
5139
5200
5214
5109
5248
5098
5218
5090
5220
5206
5099
5001
