5125
5135
5130
5174
5134
5084
5104
5029
5100
5208
5102
5093
5180
5171
5037
5149
5030
5184
5137
5234
5240
5066
5118
5187
5199
5131
5219
5171
5184
5204
5202
5228
5146
5169
5057
5094
5065
5179
5000
5078
5042
5221
5028
5159
5039
5142
5228
5035
5235
5021
5067
5113
5108
5149
5116
5231
5208
5086
5042
5126
5044
5098
5248
5136
5220
5222
5245
5078
5211
5191
5237
5148
5240
5144
5151
5117
5024
5203
5083
5202
5076
5155
5219
5092
5120
5115
5099
5210
5180
5089
5002
5071
5114
5017
5122
5149
5161
5086
5204
5167
5146
5214
5013
5206
5101
5040
5096
5249
5199
5056
5059
5208
5101
5145
5045
5152
5041
5070
5134
5094
5005
5017
5194
5066
5132
5027
5111
5041
5115
5192
5160
5118
5217
5141
5029
5132
5223
5100
5188
5185
5101
5174
5093
5037
5143
5187
5234
5076
5169
5008
5171
5244
5188
5164
5039
5015
5034
5086
5223
5159
5165
5185
5057
5157
5007
5161
5210
5005
5200
5048
5163
5226
5147
5118
5035
5217
5078
5096
5124
5115
5191
5200
5184
5112
5067
5050
5149
5156
5025
5019
5022
5194
5003
5063
5119
5048
5107
5060
5002
5217
5245
5107
5176
5247
5111
5173
5137
5000
5157
5105
5170
5201
5117
5160
5115
5004
5091
5047
5249
5113
5209
5055
5027
5023
5157
5132
5228
5218
5192
5084
5219
5131
5126
5033
5141
5146
5160
5040
5115
5113
5136
5221
5227
5239
5015
5167
5133
5152
5159
5068
5159
5003
5029
5180
5177
5111
5038
5019
5112
5197
5174
5126
5214
5067
5165
5205
5112
5118
5204
5091
5013
5062
5232
5150
5147
5201
5068
5096
5203
5099
5028
5062
5097
5116
5024
5048
5106
5223
5048
5002
5096
5125
5158
5209
5102
5092
5042
5034
5245
5233
5053
5194
5135
5003
5135
5024
5181
5033
5182
5072
5226
5148
5023
5077
5036
5151
5145
5209
5224
5202
5246
5145
5165
5062
5211
5047
5053
5126
5174
5176
5063
5081
5146
5091
5040
5176
5083
5204
5206
5133
5169
5175
5230
5127
5071
5136
5129
5015
5140
5146
5126
5058
5081
5006
5094
5125
5197
5155
5142
5105
